<?xml version="1.0" encoding="UTF-8"?>
<!-- Generated by org.testng.reporters.JUnitReportReporter -->
<testsuite skipped="0" hostname="LAPTOP-S5P85C2M" name="org.prg.LaunchDD" tests="1" failures="0" timestamp="31 Mar 2024 15:51:07 GMT" time="20.661" errors="0">
  <testcase name="test1" time="20.661" classname="org.prg.LaunchDD"/>
</testsuite> <!-- org.prg.LaunchDD -->
